<?xml version="1.0" encoding="UTF-8"?>
<testng-results ignored="0" total="4" passed="2" failed="2" skipped="0">
  <reporter-output>
  </reporter-output>
  <suite started-at="2025-05-28T23:18:50 IST" name="Suite" finished-at="2025-05-28T23:20:21 IST" duration-ms="91273">
    <groups>
    </groups>
    <test started-at="2025-05-28T23:18:50 IST" name="Testonedge" finished-at="2025-05-28T23:19:43 IST" duration-ms="53661">
      <class name="com.ash.tests.EndTOEnd">
        <test-method is-config="true" signature="launchBrowser(java.lang.String)[pri:0, instance:com.ash.tests.EndTOEnd@7a675056]" started-at="2025-05-28T23:18:50 IST" name="launchBrowser" finished-at="2025-05-28T23:18:59 IST" duration-ms="9617" status="PASS">
          <params>
            <param index="0">
              <value>
                <![CDATA[edge]]>
              </value>
            </param>
          </params>
          <reporter-output>
          </reporter-output>
        </test-method> <!-- launchBrowser -->
        <test-method signature="endTOend()[pri:0, instance:com.ash.tests.EndTOEnd@7a675056]" started-at="2025-05-28T23:18:59 IST" name="endTOend" finished-at="2025-05-28T23:19:18 IST" duration-ms="18484" status="FAIL">
          <exception class="org.openqa.selenium.NoSuchElementException">
            <message>
              <![CDATA[no such element: Unable to locate element: {"method":"xpath","selector":".//*[contains(text(),'Enabled')]"}
  (Session info: MicrosoftEdge=136.0.3240.92)
For documentation on this error, please visit: https://www.selenium.dev/documentation/webdriver/troubleshooting/errors#no-such-element-exception
Build info: version: '4.32.0', revision: 'd17c8aa950'
System info: os.name: 'Windows 11', os.arch: 'amd64', os.version: '10.0', java.version: '21.0.2'
Driver info: org.openqa.selenium.edge.EdgeDriver
Command: [fdf132832d1bee9711b29a7ca121ca2c, findChildElement {using=xpath, value=.//*[contains(text(),'Enabled')], id=f.E832426AEBB55C98D7A3BE567AE3B3AF.d.D2293182239126CDB09FFBC9280D349A.e.141}]
Capabilities {acceptInsecureCerts: false, browserName: MicrosoftEdge, browserVersion: 136.0.3240.92, fedcm:accounts: true, ms:edgeOptions: {debuggerAddress: localhost:64233}, msedge: {msedgedriverVersion: 136.0.3240.92 (a30c59ee983a..., userDataDir: C:\Users\Ashwin\AppData\Loc...}, networkConnectionEnabled: false, pageLoadStrategy: normal, platformName: windows, proxy: Proxy(), se:cdp: ws://localhost:64233/devtoo..., se:cdpVersion: 136.0.3240.92, setWindowRect: true, strictFileInteractability: false, timeouts: {implicit: 0, pageLoad: 300000, script: 30000}, unhandledPromptBehavior: dismiss and notify, webauthn:extension:credBlob: true, webauthn:extension:largeBlob: true, webauthn:extension:minPinLength: true, webauthn:extension:prf: true, webauthn:virtualAuthenticators: true}
Session ID: fdf132832d1bee9711b29a7ca121ca2c]]>
            </message>
            <full-stacktrace>
              <![CDATA[org.openqa.selenium.NoSuchElementException: no such element: Unable to locate element: {"method":"xpath","selector":".//*[contains(text(),'Enabled')]"}
  (Session info: MicrosoftEdge=136.0.3240.92)
For documentation on this error, please visit: https://www.selenium.dev/documentation/webdriver/troubleshooting/errors#no-such-element-exception
Build info: version: '4.32.0', revision: 'd17c8aa950'
System info: os.name: 'Windows 11', os.arch: 'amd64', os.version: '10.0', java.version: '21.0.2'
Driver info: org.openqa.selenium.edge.EdgeDriver
Command: [fdf132832d1bee9711b29a7ca121ca2c, findChildElement {using=xpath, value=.//*[contains(text(),'Enabled')], id=f.E832426AEBB55C98D7A3BE567AE3B3AF.d.D2293182239126CDB09FFBC9280D349A.e.141}]
Capabilities {acceptInsecureCerts: false, browserName: MicrosoftEdge, browserVersion: 136.0.3240.92, fedcm:accounts: true, ms:edgeOptions: {debuggerAddress: localhost:64233}, msedge: {msedgedriverVersion: 136.0.3240.92 (a30c59ee983a..., userDataDir: C:\Users\Ashwin\AppData\Loc...}, networkConnectionEnabled: false, pageLoadStrategy: normal, platformName: windows, proxy: Proxy(), se:cdp: ws://localhost:64233/devtoo..., se:cdpVersion: 136.0.3240.92, setWindowRect: true, strictFileInteractability: false, timeouts: {implicit: 0, pageLoad: 300000, script: 30000}, unhandledPromptBehavior: dismiss and notify, webauthn:extension:credBlob: true, webauthn:extension:largeBlob: true, webauthn:extension:minPinLength: true, webauthn:extension:prf: true, webauthn:virtualAuthenticators: true}
Session ID: fdf132832d1bee9711b29a7ca121ca2c
at java.base/jdk.internal.reflect.DirectConstructorHandleAccessor.newInstance(DirectConstructorHandleAccessor.java:62)
at java.base/java.lang.reflect.Constructor.newInstanceWithCaller(Constructor.java:502)
at java.base/java.lang.reflect.Constructor.newInstance(Constructor.java:486)
at org.openqa.selenium.remote.ErrorCodec.decode(ErrorCodec.java:167)
at org.openqa.selenium.remote.codec.w3c.W3CHttpResponseCodec.decode(W3CHttpResponseCodec.java:138)
at org.openqa.selenium.remote.codec.w3c.W3CHttpResponseCodec.decode(W3CHttpResponseCodec.java:50)
at org.openqa.selenium.remote.HttpCommandExecutor.execute(HttpCommandExecutor.java:215)
at org.openqa.selenium.remote.service.DriverCommandExecutor.invokeExecute(DriverCommandExecutor.java:216)
at org.openqa.selenium.remote.service.DriverCommandExecutor.execute(DriverCommandExecutor.java:174)
at org.openqa.selenium.remote.RemoteWebDriver.execute(RemoteWebDriver.java:545)
at org.openqa.selenium.remote.ElementLocation$ElementFinder$2.findElement(ElementLocation.java:165)
at org.openqa.selenium.remote.ElementLocation.findElement(ElementLocation.java:59)
at org.openqa.selenium.remote.RemoteWebDriver.findElement(RemoteWebDriver.java:368)
at org.openqa.selenium.remote.RemoteWebElement.findElement(RemoteWebElement.java:211)
at com.ash.pages.AdminPage.employeeStatus(AdminPage.java:85)
at com.ash.tests.EndTOEnd.endTOend(EndTOEnd.java:19)
at java.base/jdk.internal.reflect.DirectMethodHandleAccessor.invoke(DirectMethodHandleAccessor.java:103)
at java.base/java.lang.reflect.Method.invoke(Method.java:580)
at org.testng.internal.invokers.MethodInvocationHelper.invokeMethod(MethodInvocationHelper.java:141)
at org.testng.internal.invokers.TestInvoker.invokeMethod(TestInvoker.java:687)
at org.testng.internal.invokers.TestInvoker.invokeTestMethod(TestInvoker.java:230)
at org.testng.internal.invokers.MethodRunner.runInSequence(MethodRunner.java:63)
at org.testng.internal.invokers.TestInvoker$MethodInvocationAgent.invoke(TestInvoker.java:995)
at org.testng.internal.invokers.TestInvoker.invokeTestMethods(TestInvoker.java:203)
at org.testng.internal.invokers.TestMethodWorker.invokeTestMethods(TestMethodWorker.java:154)
at org.testng.internal.invokers.TestMethodWorker.run(TestMethodWorker.java:134)
at java.base/java.util.ArrayList.forEach(ArrayList.java:1596)
at org.testng.TestRunner.privateRun(TestRunner.java:741)
at org.testng.TestRunner.run(TestRunner.java:616)
at org.testng.SuiteRunner.runTest(SuiteRunner.java:421)
at org.testng.SuiteRunner$SuiteWorker.run(SuiteRunner.java:463)
at org.testng.internal.thread.ThreadUtil.lambda$execute$0(ThreadUtil.java:64)
at java.base/java.util.concurrent.FutureTask.run(FutureTask.java:317)
at java.base/java.util.concurrent.ThreadPoolExecutor.runWorker(ThreadPoolExecutor.java:1144)
at java.base/java.util.concurrent.ThreadPoolExecutor$Worker.run(ThreadPoolExecutor.java:642)
at java.base/java.lang.Thread.run(Thread.java:1583)
]]>
            </full-stacktrace>
          </exception> <!-- org.openqa.selenium.NoSuchElementException -->
          <reporter-output>
          </reporter-output>
        </test-method> <!-- endTOend -->
      </class> <!-- com.ash.tests.EndTOEnd -->
      <class name="com.ash.tests.EndTOEnd2">
        <test-method is-config="true" signature="launchBrowser(java.lang.String)[pri:0, instance:com.ash.tests.EndTOEnd2@d21a74c]" started-at="2025-05-28T23:19:18 IST" name="launchBrowser" finished-at="2025-05-28T23:19:25 IST" duration-ms="7596" status="PASS">
          <params>
            <param index="0">
              <value>
                <![CDATA[edge]]>
              </value>
            </param>
          </params>
          <reporter-output>
          </reporter-output>
        </test-method> <!-- launchBrowser -->
        <test-method signature="endTOend()[pri:0, instance:com.ash.tests.EndTOEnd2@d21a74c]" started-at="2025-05-28T23:19:25 IST" name="endTOend" finished-at="2025-05-28T23:19:43 IST" duration-ms="17806" status="PASS">
          <reporter-output>
          </reporter-output>
        </test-method> <!-- endTOend -->
      </class> <!-- com.ash.tests.EndTOEnd2 -->
    </test> <!-- Testonedge -->
    <test started-at="2025-05-28T23:18:50 IST" name="Testonchrome" finished-at="2025-05-28T23:20:21 IST" duration-ms="91273">
      <class name="com.ash.tests.EndTOEnd">
        <test-method is-config="true" signature="launchBrowser(java.lang.String)[pri:0, instance:com.ash.tests.EndTOEnd@74e52ef6]" started-at="2025-05-28T23:18:50 IST" name="launchBrowser" finished-at="2025-05-28T23:18:57 IST" duration-ms="7552" status="PASS">
          <params>
            <param index="0">
              <value>
                <![CDATA[chrome]]>
              </value>
            </param>
          </params>
          <reporter-output>
          </reporter-output>
        </test-method> <!-- launchBrowser -->
        <test-method signature="endTOend()[pri:0, instance:com.ash.tests.EndTOEnd@74e52ef6]" started-at="2025-05-28T23:18:57 IST" name="endTOend" finished-at="2025-05-28T23:19:57 IST" duration-ms="60137" status="FAIL">
          <exception class="org.openqa.selenium.TimeoutException">
            <message>
              <![CDATA[Expected condition failed: waiting for visibility of element located by By.xpath: //div//input[@name='username'] (tried for 60 second(s) with 500 milliseconds interval)
Build info: version: '4.32.0', revision: 'd17c8aa950'
System info: os.name: 'Windows 11', os.arch: 'amd64', os.version: '10.0', java.version: '21.0.2'
Driver info: org.openqa.selenium.edge.EdgeDriver
Capabilities {acceptInsecureCerts: false, browserName: MicrosoftEdge, browserVersion: 136.0.3240.92, fedcm:accounts: true, ms:edgeOptions: {debuggerAddress: localhost:64233}, msedge: {msedgedriverVersion: 136.0.3240.92 (a30c59ee983a..., userDataDir: C:\Users\Ashwin\AppData\Loc...}, networkConnectionEnabled: false, pageLoadStrategy: normal, platformName: windows, proxy: Proxy(), se:cdp: ws://localhost:64233/devtoo..., se:cdpVersion: 136.0.3240.92, setWindowRect: true, strictFileInteractability: false, timeouts: {implicit: 0, pageLoad: 300000, script: 30000}, unhandledPromptBehavior: dismiss and notify, webauthn:extension:credBlob: true, webauthn:extension:largeBlob: true, webauthn:extension:minPinLength: true, webauthn:extension:prf: true, webauthn:virtualAuthenticators: true}
Session ID: fdf132832d1bee9711b29a7ca121ca2c]]>
            </message>
            <full-stacktrace>
              <![CDATA[org.openqa.selenium.TimeoutException: Expected condition failed: waiting for visibility of element located by By.xpath: //div//input[@name='username'] (tried for 60 second(s) with 500 milliseconds interval)
Build info: version: '4.32.0', revision: 'd17c8aa950'
System info: os.name: 'Windows 11', os.arch: 'amd64', os.version: '10.0', java.version: '21.0.2'
Driver info: org.openqa.selenium.edge.EdgeDriver
Capabilities {acceptInsecureCerts: false, browserName: MicrosoftEdge, browserVersion: 136.0.3240.92, fedcm:accounts: true, ms:edgeOptions: {debuggerAddress: localhost:64233}, msedge: {msedgedriverVersion: 136.0.3240.92 (a30c59ee983a..., userDataDir: C:\Users\Ashwin\AppData\Loc...}, networkConnectionEnabled: false, pageLoadStrategy: normal, platformName: windows, proxy: Proxy(), se:cdp: ws://localhost:64233/devtoo..., se:cdpVersion: 136.0.3240.92, setWindowRect: true, strictFileInteractability: false, timeouts: {implicit: 0, pageLoad: 300000, script: 30000}, unhandledPromptBehavior: dismiss and notify, webauthn:extension:credBlob: true, webauthn:extension:largeBlob: true, webauthn:extension:minPinLength: true, webauthn:extension:prf: true, webauthn:virtualAuthenticators: true}
Session ID: fdf132832d1bee9711b29a7ca121ca2c
at org.openqa.selenium.support.ui.WebDriverWait.timeoutException(WebDriverWait.java:84)
at org.openqa.selenium.support.ui.FluentWait.until(FluentWait.java:228)
at com.ash.factory.ExplicitWait.performExplicitWait(ExplicitWait.java:28)
at com.ash.utility.BasePage.enterValue(BasePage.java:51)
at com.ash.pages.LoginPage.enterusername(LoginPage.java:16)
at com.ash.tests.EndTOEnd.endTOend(EndTOEnd.java:14)
at java.base/jdk.internal.reflect.DirectMethodHandleAccessor.invoke(DirectMethodHandleAccessor.java:103)
at java.base/java.lang.reflect.Method.invoke(Method.java:580)
at org.testng.internal.invokers.MethodInvocationHelper.invokeMethod(MethodInvocationHelper.java:141)
at org.testng.internal.invokers.TestInvoker.invokeMethod(TestInvoker.java:687)
at org.testng.internal.invokers.TestInvoker.invokeTestMethod(TestInvoker.java:230)
at org.testng.internal.invokers.MethodRunner.runInSequence(MethodRunner.java:63)
at org.testng.internal.invokers.TestInvoker$MethodInvocationAgent.invoke(TestInvoker.java:995)
at org.testng.internal.invokers.TestInvoker.invokeTestMethods(TestInvoker.java:203)
at org.testng.internal.invokers.TestMethodWorker.invokeTestMethods(TestMethodWorker.java:154)
at org.testng.internal.invokers.TestMethodWorker.run(TestMethodWorker.java:134)
at java.base/java.util.ArrayList.forEach(ArrayList.java:1596)
at org.testng.TestRunner.privateRun(TestRunner.java:741)
at org.testng.TestRunner.run(TestRunner.java:616)
at org.testng.SuiteRunner.runTest(SuiteRunner.java:421)
at org.testng.SuiteRunner$SuiteWorker.run(SuiteRunner.java:463)
at org.testng.internal.thread.ThreadUtil.lambda$execute$0(ThreadUtil.java:64)
at java.base/java.util.concurrent.FutureTask.run(FutureTask.java:317)
at java.base/java.util.concurrent.ThreadPoolExecutor.runWorker(ThreadPoolExecutor.java:1144)
at java.base/java.util.concurrent.ThreadPoolExecutor$Worker.run(ThreadPoolExecutor.java:642)
at java.base/java.lang.Thread.run(Thread.java:1583)
]]>
            </full-stacktrace>
          </exception> <!-- org.openqa.selenium.TimeoutException -->
          <reporter-output>
          </reporter-output>
        </test-method> <!-- endTOend -->
      </class> <!-- com.ash.tests.EndTOEnd -->
      <class name="com.ash.tests.EndTOEnd2">
        <test-method is-config="true" signature="launchBrowser(java.lang.String)[pri:0, instance:com.ash.tests.EndTOEnd2@63475ace]" started-at="2025-05-28T23:19:57 IST" name="launchBrowser" finished-at="2025-05-28T23:20:00 IST" duration-ms="2512" status="PASS">
          <params>
            <param index="0">
              <value>
                <![CDATA[chrome]]>
              </value>
            </param>
          </params>
          <reporter-output>
          </reporter-output>
        </test-method> <!-- launchBrowser -->
        <test-method signature="endTOend()[pri:0, instance:com.ash.tests.EndTOEnd2@63475ace]" started-at="2025-05-28T23:20:00 IST" name="endTOend" finished-at="2025-05-28T23:20:21 IST" duration-ms="20931" status="PASS">
          <reporter-output>
          </reporter-output>
        </test-method> <!-- endTOend -->
      </class> <!-- com.ash.tests.EndTOEnd2 -->
    </test> <!-- Testonchrome -->
  </suite> <!-- Suite -->
</testng-results>
